---------------------------------------------------------------
[ 2018-02-08T09:53:57+08:00 ] 127.0.0.1 127.0.0.1 GET /
[ info ] 127.0.0.1/ [运行时间：0.614444s][吞吐率：1.63req/s] [内存消耗：3,512.59kb] [文件加载：82]
[ info ] [ LANG ] D:\toutiao\thinkphp\lang\zh-cn.php
[ info ] [ ROUTE ] array (
  'type' => 'module',
  'module' => 
  array (
    0 => '',
    1 => NULL,
    2 => NULL,
  ),
)
[ info ] [ HEADER ] array (
  'host' => '127.0.0.1',
  'connection' => 'keep-alive',
  'upgrade-insecure-requests' => '1',
  'user-agent' => 'Mozilla/5.0 (Windows NT 10.0; WOW64) AppleWebKit/537.36 (KHTML, like Gecko) Chrome/55.0.2883.87 Safari/537.36',
  'accept' => 'text/html,application/xhtml+xml,application/xml;q=0.9,image/webp,*/*;q=0.8',
  'accept-encoding' => 'gzip, deflate, sdch, br',
  'accept-language' => 'zh-CN,zh;q=0.8',
)
[ info ] [ PARAM ] array (
)
[ info ] [ LANG ] D:\toutiao\public/../application/index\lang\zh-cn.php
[ info ] [ BEHAVIOR ] Run app\common\behavior\Common @module_init [ RunTime:0.001007s ]
[ info ] [ DB ] INIT mysql
[ info ] [ LANG ] D:\toutiao\public/../application/index/lang/zh-cn/index.php
[ info ] [ RUN ] app\index\controller\Index->index[ D:\toutiao\application\index\controller\Index.php ]
[ info ] [ SESSION ] INIT array (
  'id' => '',
  'var_session_id' => '',
  'prefix' => 'think',
  'type' => '',
  'auto_start' => true,
)
[ info ] [ VIEW ] D:\toutiao\public/../application/index\view\toutiao\shouye.html [ array (
  0 => 'user',
  1 => 'site',
  2 => 'config',
  3 => 'roll',
  4 => 'faocus',
  5 => 'log',
  6 => 'kol0',
  7 => 'kol1',
  8 => 'kol2',
  9 => 'kol3',
  10 => 'name',
  11 => 'countgenre',
  12 => 'anli',
) ]
[ info ] [ LOG ] INIT File
[ sql ] [ DB ] CONNECT:[ UseTime:0.001483s ] mysql:dbname=wwwdb;host=127.0.0.1;charset=utf8
[ sql ] [ SQL ] SHOW COLUMNS FROM `fa_logo` [ RunTime:0.170752s ]
[ sql ] [ SQL ] SELECT * FROM `fa_logo` WHERE  (  `status` = 'normal' ) ORDER BY `weigh`  desc LIMIT 21 [ RunTime:0.003201s ]
[ sql ] [ SQL ] SHOW COLUMNS FROM `fa_kol` [ RunTime:0.133315s ]
[ sql ] [ SQL ] SELECT * FROM `fa_kol` WHERE  (  `type` = '娱乐'  AND `status` = 'normal' ) ORDER BY `createtime`  desc LIMIT 10 [ RunTime:0.000690s ]
[ sql ] [ SQL ] SELECT * FROM `fa_kol` WHERE  (  `type` = '健康'  AND `status` = 'normal' ) ORDER BY `createtime`  desc LIMIT 10 [ RunTime:0.000611s ]
[ sql ] [ SQL ] SELECT * FROM `fa_kol` WHERE  (  `type` = '历史'  AND `status` = 'normal' ) ORDER BY `createtime`  desc LIMIT 10 [ RunTime:0.000522s ]
[ sql ] [ SQL ] SELECT * FROM `fa_kol` WHERE  (  `type` = '军事'  AND `status` = 'normal' ) ORDER BY `createtime`  desc LIMIT 10 [ RunTime:0.000534s ]
[ sql ] [ SQL ] SHOW COLUMNS FROM `fa_newsfocus` [ RunTime:0.028870s ]
[ sql ] [ SQL ] SELECT * FROM `fa_newsfocus` [ RunTime:0.000542s ]
[ sql ] [ SQL ] SHOW COLUMNS FROM `fa_roll` [ RunTime:0.047913s ]
[ sql ] [ SQL ] SELECT * FROM `fa_roll` [ RunTime:0.000647s ]
[ sql ] [ SQL ] SHOW COLUMNS FROM `fa_cp_type` [ RunTime:0.059373s ]
[ sql ] [ SQL ] SELECT * FROM `fa_cp_type` WHERE  `id` IN (3,4,5,6) [ RunTime:0.000888s ]
[ sql ] [ SQL ] SHOW COLUMNS FROM `fa_cp_content` [ RunTime:0.017811s ]
[ sql ] [ SQL ] SELECT * FROM `fa_cp_content` WHERE  (  `type` IN (3) ) ORDER BY createtime desc LIMIT 6 [ RunTime:0.000845s ]
[ sql ] [ SQL ] SELECT * FROM `fa_cp_content` WHERE  (  `type` IN (4) ) ORDER BY createtime desc LIMIT 6 [ RunTime:0.000667s ]
[ sql ] [ SQL ] SELECT * FROM `fa_cp_content` WHERE  (  `type` IN (5) ) ORDER BY createtime desc LIMIT 6 [ RunTime:0.000640s ]
[ sql ] [ SQL ] SELECT * FROM `fa_cp_content` WHERE  (  `type` IN (6) ) ORDER BY createtime desc LIMIT 6 [ RunTime:0.000643s ]
[ sql ] [ SQL ] SHOW COLUMNS FROM `fa_genre` [ RunTime:0.058787s ]
[ sql ] [ SQL ] SELECT COUNT(*) AS tp_count FROM `fa_genre` LIMIT 1 [ RunTime:0.000515s ]
---------------------------------------------------------------
[ 2018-02-08T09:53:57+08:00 ] 127.0.0.1 127.0.0.1 GET /assets/img/shouye/logo3.png
[ info ] 127.0.0.1/assets/img/shouye/logo3.png [运行时间：0.034836s][吞吐率：28.71req/s] [内存消耗：1,451.70kb] [文件加载：51]
[ info ] [ LANG ] D:\toutiao\thinkphp\lang\zh-cn.php
[ info ] [ ROUTE ] array (
  'type' => 'module',
  'module' => 
  array (
    0 => 'assets',
    1 => 'img',
    2 => 'shouye',
  ),
)
[ info ] [ HEADER ] array (
  'host' => '127.0.0.1',
  'connection' => 'keep-alive',
  'user-agent' => 'Mozilla/5.0 (Windows NT 10.0; WOW64) AppleWebKit/537.36 (KHTML, like Gecko) Chrome/55.0.2883.87 Safari/537.36',
  'accept' => 'image/webp,image/*,*/*;q=0.8',
  'referer' => 'http://127.0.0.1/',
  'accept-encoding' => 'gzip, deflate, sdch, br',
  'accept-language' => 'zh-CN,zh;q=0.8',
  'cookie' => 'PHPSESSID=on6pghmbfsl3tifqtrc50hhl76',
)
[ info ] [ PARAM ] array (
)
[ info ] [ LOG ] INIT File
---------------------------------------------------------------
[ 2018-02-08T09:53:58+08:00 ] 127.0.0.1 127.0.0.1 GET /uploads/20181261.jpg
[ info ] 127.0.0.1/uploads/20181261.jpg [运行时间：0.044334s][吞吐率：22.56req/s] [内存消耗：1,451.70kb] [文件加载：51]
[ info ] [ LANG ] D:\toutiao\thinkphp\lang\zh-cn.php
[ info ] [ ROUTE ] array (
  'type' => 'module',
  'module' => 
  array (
    0 => 'uploads',
    1 => '20181261.jpg',
    2 => NULL,
  ),
)
[ info ] [ HEADER ] array (
  'host' => '127.0.0.1',
  'connection' => 'keep-alive',
  'user-agent' => 'Mozilla/5.0 (Windows NT 10.0; WOW64) AppleWebKit/537.36 (KHTML, like Gecko) Chrome/55.0.2883.87 Safari/537.36',
  'accept' => 'image/webp,image/*,*/*;q=0.8',
  'referer' => 'http://127.0.0.1/',
  'accept-encoding' => 'gzip, deflate, sdch, br',
  'accept-language' => 'zh-CN,zh;q=0.8',
  'cookie' => 'PHPSESSID=on6pghmbfsl3tifqtrc50hhl76',
)
[ info ] [ PARAM ] array (
)
[ info ] [ LOG ] INIT File
---------------------------------------------------------------
[ 2018-02-08T17:31:59+08:00 ] 127.0.0.1 127.0.0.1 GET /index/Xmtxymn
[ info ] 127.0.0.1/index/Xmtxymn [运行时间：0.036647s][吞吐率：27.29req/s] [内存消耗：1,500.13kb] [文件加载：54]
[ info ] [ LANG ] D:\toutiao\thinkphp\lang\zh-cn.php
[ info ] [ ROUTE ] array (
  'type' => 'module',
  'module' => 
  array (
    0 => 'index',
    1 => 'Xmtxymn',
    2 => NULL,
  ),
)
[ info ] [ HEADER ] array (
  'host' => '127.0.0.1',
  'connection' => 'keep-alive',
  'accept' => 'text/html,application/xhtml+xml,application/xml;q=0.9,image/webp,*/*;q=0.8',
  'user-agent' => 'Mozilla/5.0 (Windows NT 6.1; WOW64) AppleWebKit/537.36 (KHTML, like Gecko) Chrome/39.0.2171.95 Safari/537.36 MicroMessenger/6.5.2.501 NetType/WIFI WindowsWechat QBCore/3.43.691.400 QQBrowser/9.0.2524.400',
  'accept-encoding' => 'gzip, deflate',
  'accept-language' => 'zh-CN,zh;q=0.8,en-us;q=0.6,en;q=0.5;q=0.4',
)
[ info ] [ PARAM ] array (
)
[ info ] [ LANG ] D:\toutiao\public/../application/index\lang\zh-cn.php
[ info ] [ BEHAVIOR ] Run app\common\behavior\Common @module_init [ RunTime:0.000572s ]
[ info ] [ LOG ] INIT File
---------------------------------------------------------------
[ 2018-02-08T17:50:23+08:00 ] 127.0.0.1 127.0.0.1 GET /
[ info ] 127.0.0.1/ [运行时间：0.307479s][吞吐率：3.25req/s] [内存消耗：3,513.10kb] [文件加载：82]
[ info ] [ LANG ] D:\toutiao\thinkphp\lang\zh-cn.php
[ info ] [ ROUTE ] array (
  'type' => 'module',
  'module' => 
  array (
    0 => '',
    1 => NULL,
    2 => NULL,
  ),
)
[ info ] [ HEADER ] array (
  'host' => '127.0.0.1',
  'connection' => 'keep-alive',
  'cache-control' => 'max-age=0',
  'upgrade-insecure-requests' => '1',
  'user-agent' => 'Mozilla/5.0 (Windows NT 10.0; WOW64) AppleWebKit/537.36 (KHTML, like Gecko) Chrome/55.0.2883.87 Safari/537.36',
  'accept' => 'text/html,application/xhtml+xml,application/xml;q=0.9,image/webp,*/*;q=0.8',
  'accept-encoding' => 'gzip, deflate, sdch, br',
  'accept-language' => 'zh-CN,zh;q=0.8',
  'cookie' => 'PHPSESSID=on6pghmbfsl3tifqtrc50hhl76',
)
[ info ] [ PARAM ] array (
)
[ info ] [ LANG ] D:\toutiao\public/../application/index\lang\zh-cn.php
[ info ] [ BEHAVIOR ] Run app\common\behavior\Common @module_init [ RunTime:0.000585s ]
[ info ] [ DB ] INIT mysql
[ info ] [ LANG ] D:\toutiao\public/../application/index/lang/zh-cn/index.php
[ info ] [ RUN ] app\index\controller\Index->index[ D:\toutiao\application\index\controller\Index.php ]
[ info ] [ SESSION ] INIT array (
  'id' => '',
  'var_session_id' => '',
  'prefix' => 'think',
  'type' => '',
  'auto_start' => true,
)
[ info ] [ VIEW ] D:\toutiao\public/../application/index\view\toutiao\shouye.html [ array (
  0 => 'user',
  1 => 'site',
  2 => 'config',
  3 => 'roll',
  4 => 'faocus',
  5 => 'log',
  6 => 'kol0',
  7 => 'kol1',
  8 => 'kol2',
  9 => 'kol3',
  10 => 'name',
  11 => 'countgenre',
  12 => 'anli',
) ]
[ info ] [ LOG ] INIT File
[ sql ] [ DB ] CONNECT:[ UseTime:0.002644s ] mysql:dbname=wwwdb;host=127.0.0.1;charset=utf8
[ sql ] [ SQL ] SHOW COLUMNS FROM `fa_logo` [ RunTime:0.107036s ]
[ sql ] [ SQL ] SELECT * FROM `fa_logo` WHERE  (  `status` = 'normal' ) ORDER BY `weigh`  desc LIMIT 21 [ RunTime:0.006387s ]
[ sql ] [ SQL ] SHOW COLUMNS FROM `fa_kol` [ RunTime:0.024594s ]
[ sql ] [ SQL ] SELECT * FROM `fa_kol` WHERE  (  `type` = '娱乐'  AND `status` = 'normal' ) ORDER BY `createtime`  desc LIMIT 10 [ RunTime:0.000672s ]
[ sql ] [ SQL ] SELECT * FROM `fa_kol` WHERE  (  `type` = '健康'  AND `status` = 'normal' ) ORDER BY `createtime`  desc LIMIT 10 [ RunTime:0.000700s ]
[ sql ] [ SQL ] SELECT * FROM `fa_kol` WHERE  (  `type` = '历史'  AND `status` = 'normal' ) ORDER BY `createtime`  desc LIMIT 10 [ RunTime:0.000630s ]
[ sql ] [ SQL ] SELECT * FROM `fa_kol` WHERE  (  `type` = '军事'  AND `status` = 'normal' ) ORDER BY `createtime`  desc LIMIT 10 [ RunTime:0.000536s ]
[ sql ] [ SQL ] SHOW COLUMNS FROM `fa_newsfocus` [ RunTime:0.015042s ]
[ sql ] [ SQL ] SELECT * FROM `fa_newsfocus` [ RunTime:0.000513s ]
[ sql ] [ SQL ] SHOW COLUMNS FROM `fa_roll` [ RunTime:0.010854s ]
[ sql ] [ SQL ] SELECT * FROM `fa_roll` [ RunTime:0.000597s ]
[ sql ] [ SQL ] SHOW COLUMNS FROM `fa_cp_type` [ RunTime:0.019096s ]
[ sql ] [ SQL ] SELECT * FROM `fa_cp_type` WHERE  `id` IN (3,4,5,6) [ RunTime:0.000518s ]
[ sql ] [ SQL ] SHOW COLUMNS FROM `fa_cp_content` [ RunTime:0.013048s ]
[ sql ] [ SQL ] SELECT * FROM `fa_cp_content` WHERE  (  `type` IN (3) ) ORDER BY createtime desc LIMIT 6 [ RunTime:0.000653s ]
[ sql ] [ SQL ] SELECT * FROM `fa_cp_content` WHERE  (  `type` IN (4) ) ORDER BY createtime desc LIMIT 6 [ RunTime:0.000577s ]
[ sql ] [ SQL ] SELECT * FROM `fa_cp_content` WHERE  (  `type` IN (5) ) ORDER BY createtime desc LIMIT 6 [ RunTime:0.000521s ]
[ sql ] [ SQL ] SELECT * FROM `fa_cp_content` WHERE  (  `type` IN (6) ) ORDER BY createtime desc LIMIT 6 [ RunTime:0.000534s ]
[ sql ] [ SQL ] SHOW COLUMNS FROM `fa_genre` [ RunTime:0.026206s ]
[ sql ] [ SQL ] SELECT COUNT(*) AS tp_count FROM `fa_genre` LIMIT 1 [ RunTime:0.000356s ]
---------------------------------------------------------------
[ 2018-02-08T17:50:23+08:00 ] 127.0.0.1 127.0.0.1 GET /assets/img/shouye/logo3.png
[ info ] 127.0.0.1/assets/img/shouye/logo3.png [运行时间：0.037371s][吞吐率：26.76req/s] [内存消耗：1,451.73kb] [文件加载：51]
[ info ] [ LANG ] D:\toutiao\thinkphp\lang\zh-cn.php
[ info ] [ ROUTE ] array (
  'type' => 'module',
  'module' => 
  array (
    0 => 'assets',
    1 => 'img',
    2 => 'shouye',
  ),
)
[ info ] [ HEADER ] array (
  'host' => '127.0.0.1',
  'connection' => 'keep-alive',
  'user-agent' => 'Mozilla/5.0 (Windows NT 10.0; WOW64) AppleWebKit/537.36 (KHTML, like Gecko) Chrome/55.0.2883.87 Safari/537.36',
  'accept' => 'image/webp,image/*,*/*;q=0.8',
  'referer' => 'http://127.0.0.1/',
  'accept-encoding' => 'gzip, deflate, sdch, br',
  'accept-language' => 'zh-CN,zh;q=0.8',
  'cookie' => 'PHPSESSID=on6pghmbfsl3tifqtrc50hhl76',
)
[ info ] [ PARAM ] array (
)
[ info ] [ LOG ] INIT File
---------------------------------------------------------------
[ 2018-02-08T17:50:23+08:00 ] 127.0.0.1 127.0.0.1 GET /uploads/20181261.jpg
[ info ] 127.0.0.1/uploads/20181261.jpg [运行时间：0.040780s][吞吐率：24.52req/s] [内存消耗：1,451.70kb] [文件加载：51]
[ info ] [ LANG ] D:\toutiao\thinkphp\lang\zh-cn.php
[ info ] [ ROUTE ] array (
  'type' => 'module',
  'module' => 
  array (
    0 => 'uploads',
    1 => '20181261.jpg',
    2 => NULL,
  ),
)
[ info ] [ HEADER ] array (
  'host' => '127.0.0.1',
  'connection' => 'keep-alive',
  'user-agent' => 'Mozilla/5.0 (Windows NT 10.0; WOW64) AppleWebKit/537.36 (KHTML, like Gecko) Chrome/55.0.2883.87 Safari/537.36',
  'accept' => 'image/webp,image/*,*/*;q=0.8',
  'referer' => 'http://127.0.0.1/',
  'accept-encoding' => 'gzip, deflate, sdch, br',
  'accept-language' => 'zh-CN,zh;q=0.8',
  'cookie' => 'PHPSESSID=on6pghmbfsl3tifqtrc50hhl76',
)
[ info ] [ PARAM ] array (
)
[ info ] [ LOG ] INIT File
---------------------------------------------------------------
[ 2018-02-08T17:50:26+08:00 ] 127.0.0.1 127.0.0.1 GET /
[ info ] 127.0.0.1/ [运行时间：0.141318s][吞吐率：7.08req/s] [内存消耗：3,513.10kb] [文件加载：82]
[ info ] [ LANG ] D:\toutiao\thinkphp\lang\zh-cn.php
[ info ] [ ROUTE ] array (
  'type' => 'module',
  'module' => 
  array (
    0 => '',
    1 => NULL,
    2 => NULL,
  ),
)
[ info ] [ HEADER ] array (
  'host' => '127.0.0.1',
  'connection' => 'keep-alive',
  'cache-control' => 'max-age=0',
  'upgrade-insecure-requests' => '1',
  'user-agent' => 'Mozilla/5.0 (Windows NT 10.0; WOW64) AppleWebKit/537.36 (KHTML, like Gecko) Chrome/55.0.2883.87 Safari/537.36',
  'accept' => 'text/html,application/xhtml+xml,application/xml;q=0.9,image/webp,*/*;q=0.8',
  'accept-encoding' => 'gzip, deflate, sdch, br',
  'accept-language' => 'zh-CN,zh;q=0.8',
  'cookie' => 'PHPSESSID=on6pghmbfsl3tifqtrc50hhl76',
)
[ info ] [ PARAM ] array (
)
[ info ] [ LANG ] D:\toutiao\public/../application/index\lang\zh-cn.php
[ info ] [ BEHAVIOR ] Run app\common\behavior\Common @module_init [ RunTime:0.000418s ]
[ info ] [ DB ] INIT mysql
[ info ] [ LANG ] D:\toutiao\public/../application/index/lang/zh-cn/index.php
[ info ] [ RUN ] app\index\controller\Index->index[ D:\toutiao\application\index\controller\Index.php ]
[ info ] [ SESSION ] INIT array (
  'id' => '',
  'var_session_id' => '',
  'prefix' => 'think',
  'type' => '',
  'auto_start' => true,
)
[ info ] [ VIEW ] D:\toutiao\public/../application/index\view\toutiao\shouye.html [ array (
  0 => 'user',
  1 => 'site',
  2 => 'config',
  3 => 'roll',
  4 => 'faocus',
  5 => 'log',
  6 => 'kol0',
  7 => 'kol1',
  8 => 'kol2',
  9 => 'kol3',
  10 => 'name',
  11 => 'countgenre',
  12 => 'anli',
) ]
[ info ] [ LOG ] INIT File
[ sql ] [ DB ] CONNECT:[ UseTime:0.000914s ] mysql:dbname=wwwdb;host=127.0.0.1;charset=utf8
[ sql ] [ SQL ] SHOW COLUMNS FROM `fa_logo` [ RunTime:0.010394s ]
[ sql ] [ SQL ] SELECT * FROM `fa_logo` WHERE  (  `status` = 'normal' ) ORDER BY `weigh`  desc LIMIT 21 [ RunTime:0.000855s ]
[ sql ] [ SQL ] SHOW COLUMNS FROM `fa_kol` [ RunTime:0.009354s ]
[ sql ] [ SQL ] SELECT * FROM `fa_kol` WHERE  (  `type` = '娱乐'  AND `status` = 'normal' ) ORDER BY `createtime`  desc LIMIT 10 [ RunTime:0.000601s ]
[ sql ] [ SQL ] SELECT * FROM `fa_kol` WHERE  (  `type` = '健康'  AND `status` = 'normal' ) ORDER BY `createtime`  desc LIMIT 10 [ RunTime:0.000568s ]
[ sql ] [ SQL ] SELECT * FROM `fa_kol` WHERE  (  `type` = '历史'  AND `status` = 'normal' ) ORDER BY `createtime`  desc LIMIT 10 [ RunTime:0.000555s ]
[ sql ] [ SQL ] SELECT * FROM `fa_kol` WHERE  (  `type` = '军事'  AND `status` = 'normal' ) ORDER BY `createtime`  desc LIMIT 10 [ RunTime:0.000574s ]
[ sql ] [ SQL ] SHOW COLUMNS FROM `fa_newsfocus` [ RunTime:0.010010s ]
[ sql ] [ SQL ] SELECT * FROM `fa_newsfocus` [ RunTime:0.000480s ]
[ sql ] [ SQL ] SHOW COLUMNS FROM `fa_roll` [ RunTime:0.009087s ]
[ sql ] [ SQL ] SELECT * FROM `fa_roll` [ RunTime:0.000419s ]
[ sql ] [ SQL ] SHOW COLUMNS FROM `fa_cp_type` [ RunTime:0.008152s ]
[ sql ] [ SQL ] SELECT * FROM `fa_cp_type` WHERE  `id` IN (3,4,5,6) [ RunTime:0.000429s ]
[ sql ] [ SQL ] SHOW COLUMNS FROM `fa_cp_content` [ RunTime:0.009136s ]
[ sql ] [ SQL ] SELECT * FROM `fa_cp_content` WHERE  (  `type` IN (3) ) ORDER BY createtime desc LIMIT 6 [ RunTime:0.000663s ]
[ sql ] [ SQL ] SELECT * FROM `fa_cp_content` WHERE  (  `type` IN (4) ) ORDER BY createtime desc LIMIT 6 [ RunTime:0.000584s ]
[ sql ] [ SQL ] SELECT * FROM `fa_cp_content` WHERE  (  `type` IN (5) ) ORDER BY createtime desc LIMIT 6 [ RunTime:0.000495s ]
[ sql ] [ SQL ] SELECT * FROM `fa_cp_content` WHERE  (  `type` IN (6) ) ORDER BY createtime desc LIMIT 6 [ RunTime:0.000597s ]
[ sql ] [ SQL ] SHOW COLUMNS FROM `fa_genre` [ RunTime:0.009575s ]
[ sql ] [ SQL ] SELECT COUNT(*) AS tp_count FROM `fa_genre` LIMIT 1 [ RunTime:0.000334s ]
---------------------------------------------------------------
[ 2018-02-08T17:50:27+08:00 ] 127.0.0.1 127.0.0.1 GET /assets/img/shouye/logo3.png
[ info ] 127.0.0.1/assets/img/shouye/logo3.png [运行时间：0.048971s][吞吐率：20.42req/s] [内存消耗：1,451.73kb] [文件加载：51]
[ info ] [ LANG ] D:\toutiao\thinkphp\lang\zh-cn.php
[ info ] [ ROUTE ] array (
  'type' => 'module',
  'module' => 
  array (
    0 => 'assets',
    1 => 'img',
    2 => 'shouye',
  ),
)
[ info ] [ HEADER ] array (
  'host' => '127.0.0.1',
  'connection' => 'keep-alive',
  'user-agent' => 'Mozilla/5.0 (Windows NT 10.0; WOW64) AppleWebKit/537.36 (KHTML, like Gecko) Chrome/55.0.2883.87 Safari/537.36',
  'accept' => 'image/webp,image/*,*/*;q=0.8',
  'referer' => 'http://127.0.0.1/',
  'accept-encoding' => 'gzip, deflate, sdch, br',
  'accept-language' => 'zh-CN,zh;q=0.8',
  'cookie' => 'PHPSESSID=on6pghmbfsl3tifqtrc50hhl76',
)
[ info ] [ PARAM ] array (
)
[ info ] [ LOG ] INIT File
---------------------------------------------------------------
[ 2018-02-08T17:50:27+08:00 ] 127.0.0.1 127.0.0.1 GET /uploads/20181261.jpg
[ info ] 127.0.0.1/uploads/20181261.jpg [运行时间：0.048155s][吞吐率：20.77req/s] [内存消耗：1,451.70kb] [文件加载：51]
[ info ] [ LANG ] D:\toutiao\thinkphp\lang\zh-cn.php
[ info ] [ ROUTE ] array (
  'type' => 'module',
  'module' => 
  array (
    0 => 'uploads',
    1 => '20181261.jpg',
    2 => NULL,
  ),
)
[ info ] [ HEADER ] array (
  'host' => '127.0.0.1',
  'connection' => 'keep-alive',
  'user-agent' => 'Mozilla/5.0 (Windows NT 10.0; WOW64) AppleWebKit/537.36 (KHTML, like Gecko) Chrome/55.0.2883.87 Safari/537.36',
  'accept' => 'image/webp,image/*,*/*;q=0.8',
  'referer' => 'http://127.0.0.1/',
  'accept-encoding' => 'gzip, deflate, sdch, br',
  'accept-language' => 'zh-CN,zh;q=0.8',
  'cookie' => 'PHPSESSID=on6pghmbfsl3tifqtrc50hhl76',
)
[ info ] [ PARAM ] array (
)
[ info ] [ LOG ] INIT File
---------------------------------------------------------------
[ 2018-02-08T17:50:34+08:00 ] 127.0.0.1 127.0.0.1 GET /
[ info ] 127.0.0.1/ [运行时间：0.148081s][吞吐率：6.75req/s] [内存消耗：3,513.10kb] [文件加载：82]
[ info ] [ LANG ] D:\toutiao\thinkphp\lang\zh-cn.php
[ info ] [ ROUTE ] array (
  'type' => 'module',
  'module' => 
  array (
    0 => '',
    1 => NULL,
    2 => NULL,
  ),
)
[ info ] [ HEADER ] array (
  'host' => '127.0.0.1',
  'connection' => 'keep-alive',
  'cache-control' => 'max-age=0',
  'upgrade-insecure-requests' => '1',
  'user-agent' => 'Mozilla/5.0 (Windows NT 10.0; WOW64) AppleWebKit/537.36 (KHTML, like Gecko) Chrome/55.0.2883.87 Safari/537.36',
  'accept' => 'text/html,application/xhtml+xml,application/xml;q=0.9,image/webp,*/*;q=0.8',
  'accept-encoding' => 'gzip, deflate, sdch, br',
  'accept-language' => 'zh-CN,zh;q=0.8',
  'cookie' => 'PHPSESSID=on6pghmbfsl3tifqtrc50hhl76',
)
[ info ] [ PARAM ] array (
)
[ info ] [ LANG ] D:\toutiao\public/../application/index\lang\zh-cn.php
[ info ] [ BEHAVIOR ] Run app\common\behavior\Common @module_init [ RunTime:0.000514s ]
[ info ] [ DB ] INIT mysql
[ info ] [ LANG ] D:\toutiao\public/../application/index/lang/zh-cn/index.php
[ info ] [ RUN ] app\index\controller\Index->index[ D:\toutiao\application\index\controller\Index.php ]
[ info ] [ SESSION ] INIT array (
  'id' => '',
  'var_session_id' => '',
  'prefix' => 'think',
  'type' => '',
  'auto_start' => true,
)
[ info ] [ VIEW ] D:\toutiao\public/../application/index\view\toutiao\shouye.html [ array (
  0 => 'user',
  1 => 'site',
  2 => 'config',
  3 => 'roll',
  4 => 'faocus',
  5 => 'log',
  6 => 'kol0',
  7 => 'kol1',
  8 => 'kol2',
  9 => 'kol3',
  10 => 'name',
  11 => 'countgenre',
  12 => 'anli',
) ]
[ info ] [ LOG ] INIT File
[ sql ] [ DB ] CONNECT:[ UseTime:0.000823s ] mysql:dbname=wwwdb;host=127.0.0.1;charset=utf8
[ sql ] [ SQL ] SHOW COLUMNS FROM `fa_logo` [ RunTime:0.009315s ]
[ sql ] [ SQL ] SELECT * FROM `fa_logo` WHERE  (  `status` = 'normal' ) ORDER BY `weigh`  desc LIMIT 21 [ RunTime:0.000947s ]
[ sql ] [ SQL ] SHOW COLUMNS FROM `fa_kol` [ RunTime:0.009733s ]
[ sql ] [ SQL ] SELECT * FROM `fa_kol` WHERE  (  `type` = '娱乐'  AND `status` = 'normal' ) ORDER BY `createtime`  desc LIMIT 10 [ RunTime:0.000676s ]
[ sql ] [ SQL ] SELECT * FROM `fa_kol` WHERE  (  `type` = '健康'  AND `status` = 'normal' ) ORDER BY `createtime`  desc LIMIT 10 [ RunTime:0.000601s ]
[ sql ] [ SQL ] SELECT * FROM `fa_kol` WHERE  (  `type` = '历史'  AND `status` = 'normal' ) ORDER BY `createtime`  desc LIMIT 10 [ RunTime:0.000691s ]
[ sql ] [ SQL ] SELECT * FROM `fa_kol` WHERE  (  `type` = '军事'  AND `status` = 'normal' ) ORDER BY `createtime`  desc LIMIT 10 [ RunTime:0.000618s ]
[ sql ] [ SQL ] SHOW COLUMNS FROM `fa_newsfocus` [ RunTime:0.008717s ]
[ sql ] [ SQL ] SELECT * FROM `fa_newsfocus` [ RunTime:0.000513s ]
[ sql ] [ SQL ] SHOW COLUMNS FROM `fa_roll` [ RunTime:0.009903s ]
[ sql ] [ SQL ] SELECT * FROM `fa_roll` [ RunTime:0.000492s ]
[ sql ] [ SQL ] SHOW COLUMNS FROM `fa_cp_type` [ RunTime:0.010467s ]
[ sql ] [ SQL ] SELECT * FROM `fa_cp_type` WHERE  `id` IN (3,4,5,6) [ RunTime:0.000469s ]
[ sql ] [ SQL ] SHOW COLUMNS FROM `fa_cp_content` [ RunTime:0.008350s ]
[ sql ] [ SQL ] SELECT * FROM `fa_cp_content` WHERE  (  `type` IN (3) ) ORDER BY createtime desc LIMIT 6 [ RunTime:0.000745s ]
[ sql ] [ SQL ] SELECT * FROM `fa_cp_content` WHERE  (  `type` IN (4) ) ORDER BY createtime desc LIMIT 6 [ RunTime:0.000609s ]
[ sql ] [ SQL ] SELECT * FROM `fa_cp_content` WHERE  (  `type` IN (5) ) ORDER BY createtime desc LIMIT 6 [ RunTime:0.000480s ]
[ sql ] [ SQL ] SELECT * FROM `fa_cp_content` WHERE  (  `type` IN (6) ) ORDER BY createtime desc LIMIT 6 [ RunTime:0.000468s ]
[ sql ] [ SQL ] SHOW COLUMNS FROM `fa_genre` [ RunTime:0.008822s ]
[ sql ] [ SQL ] SELECT COUNT(*) AS tp_count FROM `fa_genre` LIMIT 1 [ RunTime:0.000319s ]
---------------------------------------------------------------
[ 2018-02-08T17:50:34+08:00 ] 127.0.0.1 127.0.0.1 GET /assets/img/shouye/logo3.png
[ info ] 127.0.0.1/assets/img/shouye/logo3.png [运行时间：0.047768s][吞吐率：20.93req/s] [内存消耗：1,451.73kb] [文件加载：51]
[ info ] [ LANG ] D:\toutiao\thinkphp\lang\zh-cn.php
[ info ] [ ROUTE ] array (
  'type' => 'module',
  'module' => 
  array (
    0 => 'assets',
    1 => 'img',
    2 => 'shouye',
  ),
)
[ info ] [ HEADER ] array (
  'host' => '127.0.0.1',
  'connection' => 'keep-alive',
  'user-agent' => 'Mozilla/5.0 (Windows NT 10.0; WOW64) AppleWebKit/537.36 (KHTML, like Gecko) Chrome/55.0.2883.87 Safari/537.36',
  'accept' => 'image/webp,image/*,*/*;q=0.8',
  'referer' => 'http://127.0.0.1/',
  'accept-encoding' => 'gzip, deflate, sdch, br',
  'accept-language' => 'zh-CN,zh;q=0.8',
  'cookie' => 'PHPSESSID=on6pghmbfsl3tifqtrc50hhl76',
)
[ info ] [ PARAM ] array (
)
[ info ] [ LOG ] INIT File
---------------------------------------------------------------
[ 2018-02-08T17:50:34+08:00 ] 127.0.0.1 127.0.0.1 GET /uploads/20181261.jpg
[ info ] 127.0.0.1/uploads/20181261.jpg [运行时间：0.045159s][吞吐率：22.14req/s] [内存消耗：1,451.70kb] [文件加载：51]
[ info ] [ LANG ] D:\toutiao\thinkphp\lang\zh-cn.php
[ info ] [ ROUTE ] array (
  'type' => 'module',
  'module' => 
  array (
    0 => 'uploads',
    1 => '20181261.jpg',
    2 => NULL,
  ),
)
[ info ] [ HEADER ] array (
  'host' => '127.0.0.1',
  'connection' => 'keep-alive',
  'user-agent' => 'Mozilla/5.0 (Windows NT 10.0; WOW64) AppleWebKit/537.36 (KHTML, like Gecko) Chrome/55.0.2883.87 Safari/537.36',
  'accept' => 'image/webp,image/*,*/*;q=0.8',
  'referer' => 'http://127.0.0.1/',
  'accept-encoding' => 'gzip, deflate, sdch, br',
  'accept-language' => 'zh-CN,zh;q=0.8',
  'cookie' => 'PHPSESSID=on6pghmbfsl3tifqtrc50hhl76',
)
[ info ] [ PARAM ] array (
)
[ info ] [ LOG ] INIT File
---------------------------------------------------------------
[ 2018-02-08T17:50:41+08:00 ] 127.0.0.1 127.0.0.1 GET /
[ info ] 127.0.0.1/ [运行时间：0.151065s][吞吐率：6.62req/s] [内存消耗：3,513.10kb] [文件加载：82]
[ info ] [ LANG ] D:\toutiao\thinkphp\lang\zh-cn.php
[ info ] [ ROUTE ] array (
  'type' => 'module',
  'module' => 
  array (
    0 => '',
    1 => NULL,
    2 => NULL,
  ),
)
[ info ] [ HEADER ] array (
  'host' => '127.0.0.1',
  'connection' => 'keep-alive',
  'cache-control' => 'max-age=0',
  'upgrade-insecure-requests' => '1',
  'user-agent' => 'Mozilla/5.0 (Windows NT 10.0; WOW64) AppleWebKit/537.36 (KHTML, like Gecko) Chrome/55.0.2883.87 Safari/537.36',
  'accept' => 'text/html,application/xhtml+xml,application/xml;q=0.9,image/webp,*/*;q=0.8',
  'accept-encoding' => 'gzip, deflate, sdch, br',
  'accept-language' => 'zh-CN,zh;q=0.8',
  'cookie' => 'PHPSESSID=on6pghmbfsl3tifqtrc50hhl76',
)
[ info ] [ PARAM ] array (
)
[ info ] [ LANG ] D:\toutiao\public/../application/index\lang\zh-cn.php
[ info ] [ BEHAVIOR ] Run app\common\behavior\Common @module_init [ RunTime:0.000617s ]
[ info ] [ DB ] INIT mysql
[ info ] [ LANG ] D:\toutiao\public/../application/index/lang/zh-cn/index.php
[ info ] [ RUN ] app\index\controller\Index->index[ D:\toutiao\application\index\controller\Index.php ]
[ info ] [ SESSION ] INIT array (
  'id' => '',
  'var_session_id' => '',
  'prefix' => 'think',
  'type' => '',
  'auto_start' => true,
)
[ info ] [ VIEW ] D:\toutiao\public/../application/index\view\toutiao\shouye.html [ array (
  0 => 'user',
  1 => 'site',
  2 => 'config',
  3 => 'roll',
  4 => 'faocus',
  5 => 'log',
  6 => 'kol0',
  7 => 'kol1',
  8 => 'kol2',
  9 => 'kol3',
  10 => 'name',
  11 => 'countgenre',
  12 => 'anli',
) ]
[ info ] [ LOG ] INIT File
[ sql ] [ DB ] CONNECT:[ UseTime:0.000998s ] mysql:dbname=wwwdb;host=127.0.0.1;charset=utf8
[ sql ] [ SQL ] SHOW COLUMNS FROM `fa_logo` [ RunTime:0.009624s ]
[ sql ] [ SQL ] SELECT * FROM `fa_logo` WHERE  (  `status` = 'normal' ) ORDER BY `weigh`  desc LIMIT 21 [ RunTime:0.000845s ]
[ sql ] [ SQL ] SHOW COLUMNS FROM `fa_kol` [ RunTime:0.009573s ]
[ sql ] [ SQL ] SELECT * FROM `fa_kol` WHERE  (  `type` = '娱乐'  AND `status` = 'normal' ) ORDER BY `createtime`  desc LIMIT 10 [ RunTime:0.000706s ]
[ sql ] [ SQL ] SELECT * FROM `fa_kol` WHERE  (  `type` = '健康'  AND `status` = 'normal' ) ORDER BY `createtime`  desc LIMIT 10 [ RunTime:0.000578s ]
[ sql ] [ SQL ] SELECT * FROM `fa_kol` WHERE  (  `type` = '历史'  AND `status` = 'normal' ) ORDER BY `createtime`  desc LIMIT 10 [ RunTime:0.000571s ]
[ sql ] [ SQL ] SELECT * FROM `fa_kol` WHERE  (  `type` = '军事'  AND `status` = 'normal' ) ORDER BY `createtime`  desc LIMIT 10 [ RunTime:0.000561s ]
[ sql ] [ SQL ] SHOW COLUMNS FROM `fa_newsfocus` [ RunTime:0.009454s ]
[ sql ] [ SQL ] SELECT * FROM `fa_newsfocus` [ RunTime:0.000518s ]
[ sql ] [ SQL ] SHOW COLUMNS FROM `fa_roll` [ RunTime:0.009752s ]
[ sql ] [ SQL ] SELECT * FROM `fa_roll` [ RunTime:0.000517s ]
[ sql ] [ SQL ] SHOW COLUMNS FROM `fa_cp_type` [ RunTime:0.009973s ]
[ sql ] [ SQL ] SELECT * FROM `fa_cp_type` WHERE  `id` IN (3,4,5,6) [ RunTime:0.000610s ]
[ sql ] [ SQL ] SHOW COLUMNS FROM `fa_cp_content` [ RunTime:0.009893s ]
[ sql ] [ SQL ] SELECT * FROM `fa_cp_content` WHERE  (  `type` IN (3) ) ORDER BY createtime desc LIMIT 6 [ RunTime:0.000624s ]
[ sql ] [ SQL ] SELECT * FROM `fa_cp_content` WHERE  (  `type` IN (4) ) ORDER BY createtime desc LIMIT 6 [ RunTime:0.000539s ]
[ sql ] [ SQL ] SELECT * FROM `fa_cp_content` WHERE  (  `type` IN (5) ) ORDER BY createtime desc LIMIT 6 [ RunTime:0.000553s ]
[ sql ] [ SQL ] SELECT * FROM `fa_cp_content` WHERE  (  `type` IN (6) ) ORDER BY createtime desc LIMIT 6 [ RunTime:0.000704s ]
[ sql ] [ SQL ] SHOW COLUMNS FROM `fa_genre` [ RunTime:0.010037s ]
[ sql ] [ SQL ] SELECT COUNT(*) AS tp_count FROM `fa_genre` LIMIT 1 [ RunTime:0.000347s ]
---------------------------------------------------------------
[ 2018-02-08T17:50:41+08:00 ] 127.0.0.1 127.0.0.1 GET /assets/img/shouye/logo3.png
[ info ] 127.0.0.1/assets/img/shouye/logo3.png [运行时间：0.050504s][吞吐率：19.80req/s] [内存消耗：1,451.70kb] [文件加载：51]
[ info ] [ LANG ] D:\toutiao\thinkphp\lang\zh-cn.php
[ info ] [ ROUTE ] array (
  'type' => 'module',
  'module' => 
  array (
    0 => 'assets',
    1 => 'img',
    2 => 'shouye',
  ),
)
[ info ] [ HEADER ] array (
  'host' => '127.0.0.1',
  'connection' => 'keep-alive',
  'user-agent' => 'Mozilla/5.0 (Windows NT 10.0; WOW64) AppleWebKit/537.36 (KHTML, like Gecko) Chrome/55.0.2883.87 Safari/537.36',
  'accept' => 'image/webp,image/*,*/*;q=0.8',
  'referer' => 'http://127.0.0.1/',
  'accept-encoding' => 'gzip, deflate, sdch, br',
  'accept-language' => 'zh-CN,zh;q=0.8',
  'cookie' => 'PHPSESSID=on6pghmbfsl3tifqtrc50hhl76',
)
[ info ] [ PARAM ] array (
)
[ info ] [ LOG ] INIT File
---------------------------------------------------------------
[ 2018-02-08T17:50:41+08:00 ] 127.0.0.1 127.0.0.1 GET /uploads/20181261.jpg
[ info ] 127.0.0.1/uploads/20181261.jpg [运行时间：0.030821s][吞吐率：32.45req/s] [内存消耗：1,451.70kb] [文件加载：51]
[ info ] [ LANG ] D:\toutiao\thinkphp\lang\zh-cn.php
[ info ] [ ROUTE ] array (
  'type' => 'module',
  'module' => 
  array (
    0 => 'uploads',
    1 => '20181261.jpg',
    2 => NULL,
  ),
)
[ info ] [ HEADER ] array (
  'host' => '127.0.0.1',
  'connection' => 'keep-alive',
  'user-agent' => 'Mozilla/5.0 (Windows NT 10.0; WOW64) AppleWebKit/537.36 (KHTML, like Gecko) Chrome/55.0.2883.87 Safari/537.36',
  'accept' => 'image/webp,image/*,*/*;q=0.8',
  'referer' => 'http://127.0.0.1/',
  'accept-encoding' => 'gzip, deflate, sdch, br',
  'accept-language' => 'zh-CN,zh;q=0.8',
  'cookie' => 'PHPSESSID=on6pghmbfsl3tifqtrc50hhl76',
)
[ info ] [ PARAM ] array (
)
[ info ] [ LOG ] INIT File
