---------------------------------------------------------------
[ 2018-02-09T09:17:01+08:00 ] 127.0.0.1 127.0.0.1 GET /
[ info ] 127.0.0.1/ [运行时间：0.522162s][吞吐率：1.92req/s] [内存消耗：3,512.70kb] [文件加载：82]
[ info ] [ LANG ] D:\toutiao\thinkphp\lang\zh-cn.php
[ info ] [ ROUTE ] array (
  'type' => 'module',
  'module' => 
  array (
    0 => '',
    1 => NULL,
    2 => NULL,
  ),
)
[ info ] [ HEADER ] array (
  'host' => '127.0.0.1',
  'connection' => 'keep-alive',
  'upgrade-insecure-requests' => '1',
  'user-agent' => 'Mozilla/5.0 (Windows NT 10.0; WOW64) AppleWebKit/537.36 (KHTML, like Gecko) Chrome/55.0.2883.87 Safari/537.36',
  'accept' => 'text/html,application/xhtml+xml,application/xml;q=0.9,image/webp,*/*;q=0.8',
  'accept-encoding' => 'gzip, deflate, sdch, br',
  'accept-language' => 'zh-CN,zh;q=0.8',
)
[ info ] [ PARAM ] array (
)
[ info ] [ LANG ] D:\toutiao\public/../application/index\lang\zh-cn.php
[ info ] [ BEHAVIOR ] Run app\common\behavior\Common @module_init [ RunTime:0.000579s ]
[ info ] [ DB ] INIT mysql
[ info ] [ LANG ] D:\toutiao\public/../application/index/lang/zh-cn/index.php
[ info ] [ RUN ] app\index\controller\Index->index[ D:\toutiao\application\index\controller\Index.php ]
[ info ] [ SESSION ] INIT array (
  'id' => '',
  'var_session_id' => '',
  'prefix' => 'think',
  'type' => '',
  'auto_start' => true,
)
[ info ] [ VIEW ] D:\toutiao\public/../application/index\view\toutiao\shouye.html [ array (
  0 => 'user',
  1 => 'site',
  2 => 'config',
  3 => 'roll',
  4 => 'faocus',
  5 => 'log',
  6 => 'kol0',
  7 => 'kol1',
  8 => 'kol2',
  9 => 'kol3',
  10 => 'name',
  11 => 'countgenre',
  12 => 'anli',
) ]
[ info ] [ LOG ] INIT File
[ sql ] [ DB ] CONNECT:[ UseTime:0.010521s ] mysql:dbname=wwwdb;host=127.0.0.1;charset=utf8
[ sql ] [ SQL ] SHOW COLUMNS FROM `fa_logo` [ RunTime:0.024592s ]
[ sql ] [ SQL ] SELECT * FROM `fa_logo` WHERE  (  `status` = 'normal' ) ORDER BY `weigh`  desc LIMIT 21 [ RunTime:0.005605s ]
[ sql ] [ SQL ] SHOW COLUMNS FROM `fa_kol` [ RunTime:0.035831s ]
[ sql ] [ SQL ] SELECT * FROM `fa_kol` WHERE  (  `type` = '娱乐'  AND `status` = 'normal' ) ORDER BY `createtime`  desc LIMIT 10 [ RunTime:0.008179s ]
[ sql ] [ SQL ] SELECT * FROM `fa_kol` WHERE  (  `type` = '健康'  AND `status` = 'normal' ) ORDER BY `createtime`  desc LIMIT 10 [ RunTime:0.000920s ]
[ sql ] [ SQL ] SELECT * FROM `fa_kol` WHERE  (  `type` = '历史'  AND `status` = 'normal' ) ORDER BY `createtime`  desc LIMIT 10 [ RunTime:0.000905s ]
[ sql ] [ SQL ] SELECT * FROM `fa_kol` WHERE  (  `type` = '军事'  AND `status` = 'normal' ) ORDER BY `createtime`  desc LIMIT 10 [ RunTime:0.000789s ]
[ sql ] [ SQL ] SHOW COLUMNS FROM `fa_newsfocus` [ RunTime:0.051199s ]
[ sql ] [ SQL ] SELECT * FROM `fa_newsfocus` [ RunTime:0.000655s ]
[ sql ] [ SQL ] SHOW COLUMNS FROM `fa_roll` [ RunTime:0.030642s ]
[ sql ] [ SQL ] SELECT * FROM `fa_roll` [ RunTime:0.000566s ]
[ sql ] [ SQL ] SHOW COLUMNS FROM `fa_cp_type` [ RunTime:0.045530s ]
[ sql ] [ SQL ] SELECT * FROM `fa_cp_type` WHERE  `id` IN (3,4,5,6) [ RunTime:0.000673s ]
[ sql ] [ SQL ] SHOW COLUMNS FROM `fa_cp_content` [ RunTime:0.015846s ]
[ sql ] [ SQL ] SELECT * FROM `fa_cp_content` WHERE  (  `type` IN (3) ) ORDER BY createtime desc LIMIT 6 [ RunTime:0.001431s ]
[ sql ] [ SQL ] SELECT * FROM `fa_cp_content` WHERE  (  `type` IN (4) ) ORDER BY createtime desc LIMIT 6 [ RunTime:0.000620s ]
[ sql ] [ SQL ] SELECT * FROM `fa_cp_content` WHERE  (  `type` IN (5) ) ORDER BY createtime desc LIMIT 6 [ RunTime:0.000576s ]
[ sql ] [ SQL ] SELECT * FROM `fa_cp_content` WHERE  (  `type` IN (6) ) ORDER BY createtime desc LIMIT 6 [ RunTime:0.000573s ]
[ sql ] [ SQL ] SHOW COLUMNS FROM `fa_genre` [ RunTime:0.077511s ]
[ sql ] [ SQL ] SELECT COUNT(*) AS tp_count FROM `fa_genre` LIMIT 1 [ RunTime:0.001232s ]
---------------------------------------------------------------
[ 2018-02-09T09:17:01+08:00 ] 127.0.0.1 127.0.0.1 GET /assets/img/shouye/logo3.png
[ info ] 127.0.0.1/assets/img/shouye/logo3.png [运行时间：0.041124s][吞吐率：24.32req/s] [内存消耗：1,451.76kb] [文件加载：51]
[ info ] [ LANG ] D:\toutiao\thinkphp\lang\zh-cn.php
[ info ] [ ROUTE ] array (
  'type' => 'module',
  'module' => 
  array (
    0 => 'assets',
    1 => 'img',
    2 => 'shouye',
  ),
)
[ info ] [ HEADER ] array (
  'host' => '127.0.0.1',
  'connection' => 'keep-alive',
  'user-agent' => 'Mozilla/5.0 (Windows NT 10.0; WOW64) AppleWebKit/537.36 (KHTML, like Gecko) Chrome/55.0.2883.87 Safari/537.36',
  'accept' => 'image/webp,image/*,*/*;q=0.8',
  'referer' => 'http://127.0.0.1/',
  'accept-encoding' => 'gzip, deflate, sdch, br',
  'accept-language' => 'zh-CN,zh;q=0.8',
  'cookie' => 'PHPSESSID=1tuh2q1bm84gkes1ju5rljv530',
)
[ info ] [ PARAM ] array (
)
[ info ] [ LOG ] INIT File
---------------------------------------------------------------
[ 2018-02-09T09:17:01+08:00 ] 127.0.0.1 127.0.0.1 GET /uploads/20181261.jpg
[ info ] 127.0.0.1/uploads/20181261.jpg [运行时间：0.032491s][吞吐率：30.78req/s] [内存消耗：1,451.66kb] [文件加载：51]
[ info ] [ LANG ] D:\toutiao\thinkphp\lang\zh-cn.php
[ info ] [ ROUTE ] array (
  'type' => 'module',
  'module' => 
  array (
    0 => 'uploads',
    1 => '20181261.jpg',
    2 => NULL,
  ),
)
[ info ] [ HEADER ] array (
  'host' => '127.0.0.1',
  'connection' => 'keep-alive',
  'user-agent' => 'Mozilla/5.0 (Windows NT 10.0; WOW64) AppleWebKit/537.36 (KHTML, like Gecko) Chrome/55.0.2883.87 Safari/537.36',
  'accept' => 'image/webp,image/*,*/*;q=0.8',
  'referer' => 'http://127.0.0.1/',
  'accept-encoding' => 'gzip, deflate, sdch, br',
  'accept-language' => 'zh-CN,zh;q=0.8',
  'cookie' => 'PHPSESSID=1tuh2q1bm84gkes1ju5rljv530',
)
[ info ] [ PARAM ] array (
)
[ info ] [ LOG ] INIT File
---------------------------------------------------------------
[ 2018-02-09T10:41:43+08:00 ] 127.0.0.1 127.0.0.1 GET /favicon.ico
[ info ] 127.0.0.1/favicon.ico [运行时间：0.031891s][吞吐率：31.36req/s] [内存消耗：1,451.71kb] [文件加载：51]
[ info ] [ LANG ] D:\toutiao\thinkphp\lang\zh-cn.php
[ info ] [ ROUTE ] array (
  'type' => 'module',
  'module' => 
  array (
    0 => 'favicon.ico',
    1 => NULL,
    2 => NULL,
  ),
)
[ info ] [ HEADER ] array (
  'host' => '127.0.0.1',
  'connection' => 'keep-alive',
  'user-agent' => 'Mozilla/5.0 (Windows NT 10.0; WOW64) AppleWebKit/537.36 (KHTML, like Gecko) Chrome/55.0.2883.87 Safari/537.36',
  'accept' => 'image/webp,image/*,*/*;q=0.8',
  'referer' => 'http://127.0.0.1/json.html',
  'accept-encoding' => 'gzip, deflate, sdch, br',
  'accept-language' => 'zh-CN,zh;q=0.8',
  'cookie' => 'PHPSESSID=1tuh2q1bm84gkes1ju5rljv530',
)
[ info ] [ PARAM ] array (
)
[ info ] [ LOG ] INIT File
---------------------------------------------------------------
[ 2018-02-09T14:52:34+08:00 ] 127.0.0.1 127.0.0.1 GET /favicon.ico
[ info ] 127.0.0.1/favicon.ico [运行时间：0.045481s][吞吐率：21.99req/s] [内存消耗：1,451.08kb] [文件加载：51]
[ info ] [ LANG ] D:\toutiao\thinkphp\lang\zh-cn.php
[ info ] [ ROUTE ] array (
  'type' => 'module',
  'module' => 
  array (
    0 => 'favicon.ico',
    1 => NULL,
    2 => NULL,
  ),
)
[ info ] [ HEADER ] array (
  'host' => '127.0.0.1',
  'user-agent' => 'Mozilla/5.0 (Windows NT 10.0; Win64; x64; rv:58.0) Gecko/20100101 Firefox/58.0',
  'accept' => 'text/html,application/xhtml+xml,application/xml;q=0.9,*/*;q=0.8',
  'accept-language' => 'zh-CN,zh;q=0.8,zh-TW;q=0.7,zh-HK;q=0.5,en-US;q=0.3,en;q=0.2',
  'accept-encoding' => 'gzip, deflate',
  'connection' => 'keep-alive',
)
[ info ] [ PARAM ] array (
)
[ info ] [ LOG ] INIT File
---------------------------------------------------------------
[ 2018-02-09T15:25:37+08:00 ] 127.0.0.1 127.0.0.1 GET /
[ info ] 127.0.0.1/ [运行时间：0.296763s][吞吐率：3.37req/s] [内存消耗：3,512.92kb] [文件加载：82]
[ info ] [ LANG ] D:\toutiao\thinkphp\lang\zh-cn.php
[ info ] [ ROUTE ] array (
  'type' => 'module',
  'module' => 
  array (
    0 => '',
    1 => NULL,
    2 => NULL,
  ),
)
[ info ] [ HEADER ] array (
  'host' => '127.0.0.1',
  'connection' => 'keep-alive',
  'upgrade-insecure-requests' => '1',
  'user-agent' => 'Mozilla/5.0 (Windows NT 10.0; WOW64) AppleWebKit/537.36 (KHTML, like Gecko) Chrome/55.0.2883.87 Safari/537.36',
  'accept' => 'text/html,application/xhtml+xml,application/xml;q=0.9,image/webp,*/*;q=0.8',
  'accept-encoding' => 'gzip, deflate, sdch, br',
  'accept-language' => 'zh-CN,zh;q=0.8',
  'cookie' => 'PHPSESSID=1tuh2q1bm84gkes1ju5rljv530',
)
[ info ] [ PARAM ] array (
)
[ info ] [ LANG ] D:\toutiao\public/../application/index\lang\zh-cn.php
[ info ] [ BEHAVIOR ] Run app\common\behavior\Common @module_init [ RunTime:0.000742s ]
[ info ] [ DB ] INIT mysql
[ info ] [ LANG ] D:\toutiao\public/../application/index/lang/zh-cn/index.php
[ info ] [ RUN ] app\index\controller\Index->index[ D:\toutiao\application\index\controller\Index.php ]
[ info ] [ SESSION ] INIT array (
  'id' => '',
  'var_session_id' => '',
  'prefix' => 'think',
  'type' => '',
  'auto_start' => true,
)
[ info ] [ VIEW ] D:\toutiao\public/../application/index\view\toutiao\shouye.html [ array (
  0 => 'user',
  1 => 'site',
  2 => 'config',
  3 => 'roll',
  4 => 'faocus',
  5 => 'log',
  6 => 'kol0',
  7 => 'kol1',
  8 => 'kol2',
  9 => 'kol3',
  10 => 'name',
  11 => 'countgenre',
  12 => 'anli',
) ]
[ info ] [ LOG ] INIT File
[ sql ] [ DB ] CONNECT:[ UseTime:0.003089s ] mysql:dbname=wwwdb;host=127.0.0.1;charset=utf8
[ sql ] [ SQL ] SHOW COLUMNS FROM `fa_logo` [ RunTime:0.015320s ]
[ sql ] [ SQL ] SELECT * FROM `fa_logo` WHERE  (  `status` = 'normal' ) ORDER BY `weigh`  desc LIMIT 21 [ RunTime:0.001704s ]
[ sql ] [ SQL ] SHOW COLUMNS FROM `fa_kol` [ RunTime:0.013145s ]
[ sql ] [ SQL ] SELECT * FROM `fa_kol` WHERE  (  `type` = '娱乐'  AND `status` = 'normal' ) ORDER BY `createtime`  desc LIMIT 10 [ RunTime:0.000860s ]
[ sql ] [ SQL ] SELECT * FROM `fa_kol` WHERE  (  `type` = '健康'  AND `status` = 'normal' ) ORDER BY `createtime`  desc LIMIT 10 [ RunTime:0.001100s ]
[ sql ] [ SQL ] SELECT * FROM `fa_kol` WHERE  (  `type` = '历史'  AND `status` = 'normal' ) ORDER BY `createtime`  desc LIMIT 10 [ RunTime:0.000578s ]
[ sql ] [ SQL ] SELECT * FROM `fa_kol` WHERE  (  `type` = '军事'  AND `status` = 'normal' ) ORDER BY `createtime`  desc LIMIT 10 [ RunTime:0.000716s ]
[ sql ] [ SQL ] SHOW COLUMNS FROM `fa_newsfocus` [ RunTime:0.011599s ]
[ sql ] [ SQL ] SELECT * FROM `fa_newsfocus` [ RunTime:0.000823s ]
[ sql ] [ SQL ] SHOW COLUMNS FROM `fa_roll` [ RunTime:0.110210s ]
[ sql ] [ SQL ] SELECT * FROM `fa_roll` [ RunTime:0.000950s ]
[ sql ] [ SQL ] SHOW COLUMNS FROM `fa_cp_type` [ RunTime:0.015600s ]
[ sql ] [ SQL ] SELECT * FROM `fa_cp_type` WHERE  `id` IN (3,4,5,6) [ RunTime:0.000589s ]
[ sql ] [ SQL ] SHOW COLUMNS FROM `fa_cp_content` [ RunTime:0.010925s ]
[ sql ] [ SQL ] SELECT * FROM `fa_cp_content` WHERE  (  `type` IN (3) ) ORDER BY createtime desc LIMIT 6 [ RunTime:0.000766s ]
[ sql ] [ SQL ] SELECT * FROM `fa_cp_content` WHERE  (  `type` IN (4) ) ORDER BY createtime desc LIMIT 6 [ RunTime:0.000546s ]
[ sql ] [ SQL ] SELECT * FROM `fa_cp_content` WHERE  (  `type` IN (5) ) ORDER BY createtime desc LIMIT 6 [ RunTime:0.000503s ]
[ sql ] [ SQL ] SELECT * FROM `fa_cp_content` WHERE  (  `type` IN (6) ) ORDER BY createtime desc LIMIT 6 [ RunTime:0.000510s ]
[ sql ] [ SQL ] SHOW COLUMNS FROM `fa_genre` [ RunTime:0.010060s ]
[ sql ] [ SQL ] SELECT COUNT(*) AS tp_count FROM `fa_genre` LIMIT 1 [ RunTime:0.000288s ]
