---------------------------------------------------------------
[ 2018-02-24T09:14:40+08:00 ] 127.0.0.1 127.0.0.1 GET /favicon.ico
[ info ] 127.0.0.1/favicon.ico [运行时间：0.036223s][吞吐率：27.61req/s] [内存消耗：1,451.08kb] [文件加载：51]
[ info ] [ LANG ] D:\toutiao\thinkphp\lang\zh-cn.php
[ info ] [ ROUTE ] array (
  'type' => 'module',
  'module' => 
  array (
    0 => 'favicon.ico',
    1 => NULL,
    2 => NULL,
  ),
)
[ info ] [ HEADER ] array (
  'host' => '127.0.0.1',
  'user-agent' => 'Mozilla/5.0 (Windows NT 10.0; Win64; x64; rv:58.0) Gecko/20100101 Firefox/58.0',
  'accept' => 'text/html,application/xhtml+xml,application/xml;q=0.9,*/*;q=0.8',
  'accept-language' => 'zh-CN,zh;q=0.8,zh-TW;q=0.7,zh-HK;q=0.5,en-US;q=0.3,en;q=0.2',
  'accept-encoding' => 'gzip, deflate',
  'connection' => 'keep-alive',
)
[ info ] [ PARAM ] array (
)
[ info ] [ LOG ] INIT File
---------------------------------------------------------------
[ 2018-02-24T16:06:13+08:00 ] 127.0.0.1 127.0.0.1 GET /apiweb/Articles
[ info ] 127.0.0.1/apiweb/Articles [运行时间：0.176362s][吞吐率：5.67req/s] [内存消耗：1,592.95kb] [文件加载：56]
[ info ] [ LANG ] D:\toutiao\thinkphp\lang\zh-cn.php
[ info ] [ ROUTE ] array (
  'type' => 'module',
  'module' => 
  array (
    0 => 'apiweb',
    1 => 'Articles',
    2 => NULL,
  ),
)
[ info ] [ HEADER ] array (
  'host' => '127.0.0.1',
  'user-agent' => 'Mozilla/5.0 (Windows NT 10.0; Win64; x64; rv:58.0) Gecko/20100101 Firefox/58.0',
  'accept' => 'text/html,application/xhtml+xml,application/xml;q=0.9,*/*;q=0.8',
  'accept-language' => 'zh-CN,zh;q=0.8,zh-TW;q=0.7,zh-HK;q=0.5,en-US;q=0.3,en;q=0.2',
  'accept-encoding' => 'gzip, deflate',
  'connection' => 'keep-alive',
  'upgrade-insecure-requests' => '1',
)
[ info ] [ PARAM ] array (
)
[ info ] [ BEHAVIOR ] Run app\common\behavior\Common @module_init [ RunTime:0.008216s ]
[ info ] [ RUN ] app\apiweb\controller\Articles->index[ D:\toutiao\application\apiweb\controller\Articles.php ]
[ info ] [ LOG ] INIT File
---------------------------------------------------------------
[ 2018-02-24T17:29:24+08:00 ] 127.0.0.1 127.0.0.1 GET /favicon.ico
[ info ] 127.0.0.1/favicon.ico [运行时间：0.039097s][吞吐率：25.58req/s] [内存消耗：1,450.63kb] [文件加载：51]
[ info ] [ LANG ] D:\toutiao\thinkphp\lang\zh-cn.php
[ info ] [ ROUTE ] array (
  'type' => 'module',
  'module' => 
  array (
    0 => 'favicon.ico',
    1 => NULL,
    2 => NULL,
  ),
)
[ info ] [ HEADER ] array (
  'host' => '127.0.0.1',
  'connection' => 'keep-alive',
  'user-agent' => 'Mozilla/5.0 (Windows NT 10.0; WOW64) AppleWebKit/537.36 (KHTML, like Gecko) Chrome/55.0.2883.87 Safari/537.36',
  'accept-encoding' => 'gzip, deflate, sdch, br',
  'accept-language' => 'zh-CN,zh;q=0.8',
)
[ info ] [ PARAM ] array (
)
[ info ] [ LOG ] INIT File
